Base path: C:/Program Files (x86)/Unity/Editor/Data
Pipe name: \\.\pipe\UnityShaderCompiler-2-1312
Cmd: getPlatforms
Cmd: compileSnippet
  api=9 type=0 insize=5438 outsize=5116 kw=DIRECTIONAL SHADOWS_OFF LIGHTMAP_OFF DIRLIGHTMAP_OFF VERTEXLIGHT_ON ok=1
Cmd: compileSnippet
  api=9 type=0 insize=3244 outsize=3029 kw=SPOT ok=1
Cmd: compileSnippet
  api=9 type=0 insize=5421 outsize=3997 kw=DIRECTIONAL SHADOWS_OFF LIGHTMAP_OFF DIRLIGHTMAP_OFF ok=1
Cmd: compileSnippet
  api=5 type=0 insize=5421 outsize=5851 kw=DIRECTIONAL SHADOWS_SCREEN LIGHTMAP_OFF DIRLIGHTMAP_OFF VERTEXLIGHT_ON ok=1
Cmd: compileSnippet
  api=5 type=0 insize=3400 outsize=3358 kw=POINT ok=1
Cmd: compileSnippet
  api=5 type=0 insize=3400 outsize=3090 kw=DIRECTIONAL_COOKIE ok=1
Cmd: compileSnippet
  api=9 type=0 insize=867 outsize=1123 kw= ok=1
Cmd: compileSnippet
  api=9 type=0 insize=5438 outsize=2934 kw=DIRECTIONAL SHADOWS_SCREEN LIGHTMAP_ON DIRLIGHTMAP_OFF ok=1
Cmd: compileSnippet
  api=9 type=1 insize=5438 outsize=7 kw=DIRECTIONAL SHADOWS_OFF LIGHTMAP_ON DIRLIGHTMAP_OFF ok=1
Cmd: compileSnippet
  api=9 type=1 insize=3244 outsize=7 kw=POINT ok=1
Cmd: compileSnippet
  api=9 type=1 insize=3244 outsize=7 kw=POINT_COOKIE ok=1
Cmd: compileSnippet
  api=9 type=0 insize=5421 outsize=2901 kw=DIRECTIONAL SHADOWS_SCREEN LIGHTMAP_ON DIRLIGHTMAP_OFF ok=1
Cmd: compileSnippet
  api=9 type=1 insize=5421 outsize=7 kw=DIRECTIONAL SHADOWS_OFF LIGHTMAP_ON DIRLIGHTMAP_OFF ok=1
Cmd: compileSnippet
  api=5 type=1 insize=3400 outsize=6 kw=SPOT ok=1
Cmd: compileSnippet
  api=9 type=0 insize=1135 outsize=1197 kw= ok=1
